c:\users\chhatra\source\repos\openglcgassignment\x64\debug\vc142.pdb
c:\users\chhatra\source\repos\openglcgassignment\x64\debug\vc142.idb
c:\users\chhatra\source\repos\openglcgassignment\x64\debug\glad.obj
c:\users\chhatra\source\repos\openglcgassignment\x64\debug\vbo.obj
c:\users\chhatra\source\repos\openglcgassignment\x64\debug\vao.obj
c:\users\chhatra\source\repos\openglcgassignment\x64\debug\shaderclass.obj
c:\users\chhatra\source\repos\openglcgassignment\x64\debug\main.obj
c:\users\chhatra\source\repos\openglcgassignment\x64\debug\ebo.obj
c:\users\chhatra\source\repos\openglcgassignment\x64\debug\stb.obj
c:\users\chhatra\source\repos\openglcgassignment\x64\debug\texture.obj
c:\users\chhatra\source\repos\openglcgassignment\x64\debug\camera.obj
c:\users\chhatra\source\repos\openglcgassignment\x64\debug\openglcgassignment.exe
c:\users\chhatra\source\repos\openglcgassignment\x64\debug\openglcgassignment.ilk
c:\users\chhatra\source\repos\openglcgassignment\x64\debug\openglcgassignment.pdb
c:\users\chhatra\source\repos\openglcgassignment\x64\debug\openglcgassignment.res
c:\users\chhatra\source\repos\openglcgassignment\x64\debug\openglcg.82a134ee.tlog\cl.command.1.tlog
c:\users\chhatra\source\repos\openglcgassignment\x64\debug\openglcg.82a134ee.tlog\cl.read.1.tlog
c:\users\chhatra\source\repos\openglcgassignment\x64\debug\openglcg.82a134ee.tlog\cl.write.1.tlog
c:\users\chhatra\source\repos\openglcgassignment\x64\debug\openglcg.82a134ee.tlog\link.command.1.tlog
c:\users\chhatra\source\repos\openglcgassignment\x64\debug\openglcg.82a134ee.tlog\link.read.1.tlog
c:\users\chhatra\source\repos\openglcgassignment\x64\debug\openglcg.82a134ee.tlog\link.write.1.tlog
c:\users\chhatra\source\repos\openglcgassignment\x64\debug\openglcg.82a134ee.tlog\rc.command.1.tlog
